# JRE version: OpenJDK Runtime Environment (11.0.12) (build 11.0.12+0-b1504.28-7817840)
# Java VM: OpenJDK 64-Bit Server VM (11.0.12+0-b1504.28-7817840, mixed mode, tiered, compressed oops, g1 gc, linux-amd64)
Heap:
 garbage-first heap   total 256000K, used 68161K [0x0000000080000000, 0x0000000100000000)
  region size 1024K, 41 young (41984K), 9 survivors (9216K)
 Metaspace       used 38923K, capacity 40038K, committed 40320K, reserved 1083392K
  class space    used 5073K, capacity 5460K, committed 5504K, reserved 1048576K
GC Heap History (8 events):
Event: 0.466 GC heap before
{Heap before GC invocations=0 (full 0):
 garbage-first heap   total 256000K, used 30720K [0x0000000080000000, 0x0000000100000000)
  region size 1024K, 24 young (24576K), 0 survivors (0K)
 Metaspace       used 10097K, capacity 10315K, committed 10624K, reserved 1058816K
  class space    used 1061K, capacity 1141K, committed 1152K, reserved 1048576K
}
Event: 0.469 GC heap after
{Heap after GC invocations=1 (full 0):
 garbage-first heap   total 256000K, used 9311K [0x0000000080000000, 0x0000000100000000)
  region size 1024K, 3 young (3072K), 3 survivors (3072K)
 Metaspace       used 10097K, capacity 10315K, committed 10624K, reserved 1058816K
  class space    used 1061K, capacity 1141K, committed 1152K, reserved 1048576K
}
Event: 1.248 GC heap before
{Heap before GC invocations=1 (full 0):
 garbage-first heap   total 256000K, used 105567K [0x0000000080000000, 0x0000000100000000)
  region size 1024K, 98 young (100352K), 3 survivors (3072K)
 Metaspace       used 20694K, capacity 21094K, committed 21248K, reserved 1067008K
  class space    used 2558K, capacity 2721K, committed 2816K, reserved 1048576K
}
Event: 1.257 GC heap after
{Heap after GC invocations=2 (full 0):
 garbage-first heap   total 256000K, used 17087K [0x0000000080000000, 0x0000000100000000)
  region size 1024K, 11 young (11264K), 11 survivors (11264K)
 Metaspace       used 20694K, capacity 21094K, committed 21248K, reserved 1067008K
  class space    used 2558K, capacity 2721K, committed 2816K, reserved 1048576K
}
Event: 1.560 GC heap before
{Heap before GC invocations=3 (full 0):
 garbage-first heap   total 256000K, used 57023K [0x0000000080000000, 0x0000000100000000)
  region size 1024K, 51 young (52224K), 11 survivors (11264K)
 Metaspace       used 24680K, capacity 25339K, committed 25472K, reserved 1071104K
  class space    used 3174K, capacity 3396K, committed 3456K, reserved 1048576K
}
Event: 1.568 GC heap after
{Heap after GC invocations=4 (full 0):
 garbage-first heap   total 256000K, used 19057K [0x0000000080000000, 0x0000000100000000)
  region size 1024K, 2 young (2048K), 2 survivors (2048K)
 Metaspace       used 24680K, capacity 25339K, committed 25472K, reserved 1071104K
  class space    used 3174K, capacity 3396K, committed 3456K, reserved 1048576K
}
Event: 2.524 GC heap before
{Heap before GC invocations=4 (full 0):
 garbage-first heap   total 256000K, used 123505K [0x0000000080000000, 0x0000000100000000)
  region size 1024K, 96 young (98304K), 2 survivors (2048K)
 Metaspace       used 34855K, capacity 35731K, committed 35840K, reserved 1081344K
  class space    used 4641K, capacity 4984K, committed 4992K, reserved 1048576K
}
Event: 2.533 GC heap after
{Heap after GC invocations=5 (full 0):
 garbage-first heap   total 256000K, used 36417K [0x0000000080000000, 0x0000000100000000)
  region size 1024K, 9 young (9216K), 9 survivors (9216K)
 Metaspace       used 34855K, capacity 35731K, committed 35840K, reserved 1081344K
  class space    used 4641K, capacity 4984K, committed 4992K, reserved 1048576K
}

